{
  "stats": {
    "suites": 1,
    "tests": 1,
    "passes": 1,
    "pending": 0,
    "failures": 0,
    "start": "2022-03-08T13:02:31.149Z",
    "end": "2022-03-08T13:02:33.850Z",
    "duration": 2701,
    "testsRegistered": 1,
    "passPercent": 100,
    "pendingPercent": 0,
    "other": 0,
    "hasOther": false,
    "skipped": 0,
    "hasSkipped": false
  },
  "results": [
    {
      "uuid": "b0676fed-c6a6-4f22-9cd7-fbde1852d05e",
      "title": "",
      "fullFile": "cypress/integration/addtocar.ts",
      "file": "cypress/integration/addtocar.ts",
      "beforeHooks": [],
      "afterHooks": [],
      "tests": [],
      "suites": [
        {
          "uuid": "64192521-62d5-4305-a8f8-d1e345a1915a",
          "title": "Add to cart test suite",
          "fullFile": "",
          "file": "",
          "beforeHooks": [],
          "afterHooks": [],
          "tests": [
            {
              "title": "Add one item to cart",
              "fullTitle": "Add to cart test suite Add one item to cart",
              "timedOut": null,
              "duration": 2429,
              "state": "passed",
              "speed": "fast",
              "pass": true,
              "fail": false,
              "pending": false,
              "context": null,
              "code": "cy.get('div[class=inventory_item_name]')\n    .first()\n    .should('have.text', 'Sauce Labs Backpack');\ncy.get('div[class=inventory_item_price]')\n    .first()\n    .invoke('text')\n    .should('eq', '$29.99');\ncy.get('button[id=add-to-cart-sauce-labs-backpack]')\n    .click();\ncy.get('button[id=remove-sauce-labs-backpack]')\n    .should('have.text', 'Remove');\ncy.get('.shopping_cart_link').click();\ncy.get('div[class=inventory_item_name]')\n    .first()\n    .should('have.text', 'Sauce Labs Backpack');\ncy.get('div[class=inventory_item_price]')\n    .first()\n    .invoke('text')\n    .should('eq', '$29.99');\ncy.get('button[id=remove-sauce-labs-backpack]')\n    .should('have.text', 'Remove');\ncy.get('button[id=continue-shopping]')\n    .should('have.text', 'Continue Shopping');\ncy.get('button[id=checkout]')\n    .should('have.text', 'Checkout');\ncy.get('span[class=shopping_cart_badge]')\n    .invoke('text')\n    .then(parseFloat)\n    .should('eq', 1);\ncy.get('.cart_quantity')\n    .invoke('text')\n    .then(parseFloat)\n    .should('eq', 1);\ncy.url().should('include', '/cart.html');",
              "err": {},
              "uuid": "61a58084-e1fc-4389-a352-746fee571c2c",
              "parentUUID": "64192521-62d5-4305-a8f8-d1e345a1915a",
              "isHook": false,
              "skipped": false
            }
          ],
          "suites": [],
          "passes": [
            "61a58084-e1fc-4389-a352-746fee571c2c"
          ],
          "failures": [],
          "pending": [],
          "skipped": [],
          "duration": 2429,
          "root": false,
          "rootEmpty": false,
          "_timeout": 2000
        }
      ],
      "passes": [],
      "failures": [],
      "pending": [],
      "skipped": [],
      "duration": 0,
      "root": true,
      "rootEmpty": true,
      "_timeout": 2000
    }
  ],
  "meta": {
    "mocha": {
      "version": "7.0.1"
    },
    "mochawesome": {
      "options": {
        "quiet": false,
        "reportFilename": "mochawesome",
        "saveHtml": false,
        "saveJson": true,
        "consoleReporter": "spec",
        "useInlineDiffs": false,
        "code": true
      },
      "version": "7.0.1"
    },
    "marge": {
      "options": {
        "charts": true,
        "overwrite": false,
        "html": false,
        "json": true,
        "reportDir": "cypress/reports"
      },
      "version": "6.0.1"
    }
  }
}