{
  "stats": {
    "suites": 1,
    "tests": 1,
    "passes": 1,
    "pending": 0,
    "failures": 0,
    "start": "2022-03-08T13:02:54.335Z",
    "end": "2022-03-08T13:02:56.209Z",
    "duration": 1874,
    "testsRegistered": 1,
    "passPercent": 100,
    "pendingPercent": 0,
    "other": 0,
    "hasOther": false,
    "skipped": 0,
    "hasSkipped": false
  },
  "results": [
    {
      "uuid": "80a4f35b-c7ce-4e98-b904-09c55871fd10",
      "title": "",
      "fullFile": "cypress/integration/logout.ts",
      "file": "cypress/integration/logout.ts",
      "beforeHooks": [],
      "afterHooks": [],
      "tests": [],
      "suites": [
        {
          "uuid": "f5d17abe-e68d-439b-a32e-0f487ac2d909",
          "title": "Logout test suite",
          "fullFile": "",
          "file": "",
          "beforeHooks": [],
          "afterHooks": [],
          "tests": [
            {
              "title": "Use standard_user to logout this website",
              "fullTitle": "Logout test suite Use standard_user to logout this website",
              "timedOut": null,
              "duration": 1825,
              "state": "passed",
              "speed": "fast",
              "pass": true,
              "fail": false,
              "pending": false,
              "context": null,
              "code": "cy.get('button[id=react-burger-menu-btn]').click();\ncy.get('#logout_sidebar_link').should('have.text', 'Logout').click();\ncy.url().should('match', /https:\\/\\/www.saucedemo.com\\//);",
              "err": {},
              "uuid": "b49d3c70-2faa-43f0-bad9-dc333f5536e7",
              "parentUUID": "f5d17abe-e68d-439b-a32e-0f487ac2d909",
              "isHook": false,
              "skipped": false
            }
          ],
          "suites": [],
          "passes": [
            "b49d3c70-2faa-43f0-bad9-dc333f5536e7"
          ],
          "failures": [],
          "pending": [],
          "skipped": [],
          "duration": 1825,
          "root": false,
          "rootEmpty": false,
          "_timeout": 2000
        }
      ],
      "passes": [],
      "failures": [],
      "pending": [],
      "skipped": [],
      "duration": 0,
      "root": true,
      "rootEmpty": true,
      "_timeout": 2000
    }
  ],
  "meta": {
    "mocha": {
      "version": "7.0.1"
    },
    "mochawesome": {
      "options": {
        "quiet": false,
        "reportFilename": "mochawesome",
        "saveHtml": false,
        "saveJson": true,
        "consoleReporter": "spec",
        "useInlineDiffs": false,
        "code": true
      },
      "version": "7.0.1"
    },
    "marge": {
      "options": {
        "charts": true,
        "overwrite": false,
        "html": false,
        "json": true,
        "reportDir": "cypress/reports"
      },
      "version": "6.0.1"
    }
  }
}